Using pre-set license
Built from '2020.3/release' branch; Version is '2020.3.27f1 (e759542391ea) revision 15161684'; Using compiler version '192528614'; Build Type 'Release'
OS: 'Windows 10  (10.0.19043) 64bit Professional' Language: 'en' Physical Memory: 32670 MB
BatchMode: 1, IsHumanControllingUs: 0, StartBugReporterOnCrash: 0, Is64bit: 1, IsPro: 0

COMMAND LINE ARGUMENTS:
C:\Program Files\Unity\Hub\Editor\2020.3.27f1\Editor\Unity.exe
-adb2
-batchMode
-noUpm
-name
AssetImportWorker0
-projectPath
C:/Users/dsknauss/HCV1
-logFile
Logs/AssetImportWorker0.log
-srvPort
65094
Successfully changed project path to: C:/Users/dsknauss/HCV1
C:/Users/dsknauss/HCV1
Using Asset Import Pipeline V2.
Refreshing native plugins compatible for Editor in 23.27 ms, found 2 plugins.
Preloading 0 native plugins for Editor in 0.00 ms.
Initialize engine version: 2020.3.27f1 (e759542391ea)
[Subsystems] Discovering subsystems at path C:/Program Files/Unity/Hub/Editor/2020.3.27f1/Editor/Data/Resources/UnitySubsystems
[Subsystems] Discovering subsystems at path C:/Users/dsknauss/HCV1/Assets
GfxDevice: creating device client; threaded=0
Direct3D:
    Version:  Direct3D 11.0 [level 11.1]
    Renderer: AMD Radeon RX 6600 (ID=0x73ff)
    Vendor:   
    VRAM:     8147 MB
    Driver:   30.0.14011.3017
Initialize mono
Mono path[0] = 'C:/Program Files/Unity/Hub/Editor/2020.3.27f1/Editor/Data/Managed'
Mono path[1] = 'C:/Program Files/Unity/Hub/Editor/2020.3.27f1/Editor/Data/MonoBleedingEdge/lib/mono/unityjit'
Mono config path = 'C:/Program Files/Unity/Hub/Editor/2020.3.27f1/Editor/Data/MonoBleedingEdge/etc'
Using monoOptions --debugger-agent=transport=dt_socket,embedding=1,server=y,suspend=n,address=127.0.0.1:56900
Begin MonoManager ReloadAssembly
Registering precompiled unity dll's ...
Register platform support module: C:/Program Files/Unity/Hub/Editor/2020.3.27f1/Editor/Data/PlaybackEngines/WindowsStandaloneSupport/UnityEditor.WindowsStandalone.Extensions.dll
Registered in 0.003307 seconds.
Native extension for WindowsStandalone target not found
Refreshing native plugins compatible for Editor in 20.82 ms, found 2 plugins.
Preloading 0 native plugins for Editor in 0.00 ms.
Mono: successfully reloaded assembly
- Completed reload, in  0.418 seconds
Domain Reload Profiling:
	ReloadAssembly (418ms)
		BeginReloadAssembly (64ms)
			ExecutionOrderSort (0ms)
			DisableScriptedObjects (0ms)
			BackupInstance (0ms)
			ReleaseScriptingObjects (0ms)
			CreateAndSetChildDomain (1ms)
		EndReloadAssembly (295ms)
			LoadAssemblies (61ms)
			RebuildTransferFunctionScriptingTraits (0ms)
			SetupTypeCache (93ms)
			ReleaseScriptCaches (0ms)
			RebuildScriptCaches (18ms)
			SetupLoadedEditorAssemblies (107ms)
				LogAssemblyErrors (0ms)
				InitializePlatformSupportModulesInManaged (3ms)
				SetLoadedEditorAssemblies (0ms)
				RefreshPlugins (21ms)
				BeforeProcessingInitializeOnLoad (6ms)
				ProcessInitializeOnLoadAttributes (57ms)
				ProcessInitializeOnLoadMethodAttributes (20ms)
				AfterProcessingInitializeOnLoad (0ms)
				EditorAssembliesLoaded (0ms)
			ExecutionOrderSort2 (0ms)
			AwakeInstancesAfterBackupRestoration (0ms)
Platform modules already initialized, skipping
Registering precompiled user dll's ...
Registered in 0.005508 seconds.
Begin MonoManager ReloadAssembly
Native extension for WindowsStandalone target not found
Refreshing native plugins compatible for Editor in 0.36 ms, found 2 plugins.
Preloading 0 native plugins for Editor in 0.00 ms.
Mono: successfully reloaded assembly
- Completed reload, in  0.696 seconds
Domain Reload Profiling:
	ReloadAssembly (696ms)
		BeginReloadAssembly (118ms)
			ExecutionOrderSort (0ms)
			DisableScriptedObjects (3ms)
			BackupInstance (0ms)
			ReleaseScriptingObjects (0ms)
			CreateAndSetChildDomain (14ms)
		EndReloadAssembly (528ms)
			LoadAssemblies (86ms)
			RebuildTransferFunctionScriptingTraits (0ms)
			SetupTypeCache (169ms)
			ReleaseScriptCaches (0ms)
			RebuildScriptCaches (24ms)
			SetupLoadedEditorAssemblies (213ms)
				LogAssemblyErrors (0ms)
				InitializePlatformSupportModulesInManaged (3ms)
				SetLoadedEditorAssemblies (0ms)
				RefreshPlugins (0ms)
				BeforeProcessingInitializeOnLoad (47ms)
				ProcessInitializeOnLoadAttributes (144ms)
				ProcessInitializeOnLoadMethodAttributes (7ms)
				AfterProcessingInitializeOnLoad (11ms)
				EditorAssembliesLoaded (0ms)
			ExecutionOrderSort2 (0ms)
			AwakeInstancesAfterBackupRestoration (4ms)
Platform modules already initialized, skipping
========================================================================
Worker process is ready to serve import requests
Launched and connected shader compiler UnityShaderCompiler.exe after 0.04 seconds
Refreshing native plugins compatible for Editor in 0.39 ms, found 2 plugins.
Preloading 0 native plugins for Editor in 0.00 ms.
Unloading 1503 Unused Serialized files (Serialized files now loaded: 0)
System memory in use before: 67.5 MB.
System memory in use after: 67.6 MB.

Unloading 19 unused Assets to reduce memory usage. Loaded Objects now: 1935.
Total: 2.224100 ms (FindLiveObjects: 0.114000 ms CreateObjectMapping: 0.029000 ms MarkObjects: 2.023500 ms  DeleteObjects: 0.056800 ms)

AssetImportParameters requested are different than current active one (requested -> active):
  custom:framework-win-MediaFoundation: 216162199b28c13a410421893ffa2e32 -> 
  custom:video-decoder-ogg-theora: a1e56fd34408186e4bbccfd4996cb3dc -> 
  custom:container-muxer-webm: aa71ff27fc2769a1b78a27578f13a17b -> 
  custom:container-demuxer-webm: 4f35f7cbe854078d1ac9338744f61a02 -> 
  custom:container-demuxer-ogg: 62fdf1f143b41e24485cea50d1cbac27 -> 
  custom:video-encoder-webm-vp8: eb34c28f22e8b96e1ab97ce403110664 -> 
  custom:video-decoder-webm-vp8: 9c59270c3fd7afecdb556c50c9e8de78 -> 
  custom:audio-decoder-ogg-vorbis: bf7c407c2cedff20999df2af8eb42d56 -> 
  custom:audio-encoder-webm-vorbis: bf7c407c2cedff20999df2af8eb42d56 -> 
========================================================================
Received Import Request.
  path: Assets/3Dmodel.fbx
  artifactKey: Guid(6cdf982d387f13948b77c1044e62ada1) Importer(815301076,1909f56bfc062723c751e8b465ee728b)
Start importing Assets/3Dmodel.fbx using Guid(6cdf982d387f13948b77c1044e62ada1) Importer(815301076,1909f56bfc062723c751e8b465ee728b)  -> (artifact id: '3e5befedf0393d2611828d9326de0195') in 0.180563 seconds 
  Import took 0.182657 seconds .

========================================================================
Received Import Request.
  Time since last request: 23898.939384 seconds.
  path: Assets/HollowCathodeOnly
  artifactKey: Guid(4a07f094610930d409a75ee6cc22e718) Importer(815301076,1909f56bfc062723c751e8b465ee728b)
Start importing Assets/HollowCathodeOnly using Guid(4a07f094610930d409a75ee6cc22e718) Importer(815301076,1909f56bfc062723c751e8b465ee728b)  -> (artifact id: 'f70be93eabc5b24236aa07cf1a8835ab') in 0.006571 seconds 
  Import took 0.008774 seconds .

========================================================================
Received Import Request.
  Time since last request: 0.063420 seconds.
  path: Assets/HollowCathodeOnly/3Dmodel.blend
  artifactKey: Guid(649ed9781af7f5949bc89e0bb9738cea) Importer(815301076,1909f56bfc062723c751e8b465ee728b)
Start importing Assets/HollowCathodeOnly/3Dmodel.blend using Guid(649ed9781af7f5949bc89e0bb9738cea) Importer(815301076,1909f56bfc062723c751e8b465ee728b)  -> (artifact id: '3ef59857b927704f2c7f8a05cc0f7e49') in 0.051556 seconds 
  Import took 0.053717 seconds .

========================================================================
Received Import Request.
  Time since last request: 0.000159 seconds.
  path: Assets/HollowCathodeOnly/3Dmodel.fbx
  artifactKey: Guid(adb64612eabd8554999ce69dc179e614) Importer(815301076,1909f56bfc062723c751e8b465ee728b)
Start importing Assets/HollowCathodeOnly/3Dmodel.fbx using Guid(adb64612eabd8554999ce69dc179e614) Importer(815301076,1909f56bfc062723c751e8b465ee728b)  -> (artifact id: '4501ab707b20043c933b8515ccdde4de') in 0.021792 seconds 
  Import took 0.023595 seconds .

========================================================================
Received Import Request.
  Time since last request: 13.383774 seconds.
  path: Assets/HollowCathodeOnly/3Dmodel.blend1
  artifactKey: Guid(fe1cc8b99d4b99d4b8d2d972325ee97c) Importer(815301076,1909f56bfc062723c751e8b465ee728b)
Start importing Assets/HollowCathodeOnly/3Dmodel.blend1 using Guid(fe1cc8b99d4b99d4b8d2d972325ee97c) Importer(815301076,1909f56bfc062723c751e8b465ee728b)  -> (artifact id: '195645b394a37c2516d18a25d9530b9e') in 0.004428 seconds 
  Import took 0.006261 seconds .

========================================================================
Received Import Request.
  Time since last request: 555.768880 seconds.
  path: Assets/HollowCathodeOnly/cache_fluid_2150e9ef
  artifactKey: Guid(c8331979e33ba0d40971deaefef927c3) Importer(815301076,1909f56bfc062723c751e8b465ee728b)
Start importing Assets/HollowCathodeOnly/cache_fluid_2150e9ef using Guid(c8331979e33ba0d40971deaefef927c3) Importer(815301076,1909f56bfc062723c751e8b465ee728b)  -> (artifact id: '3c7f960e1b483c2e0977460e171bff23') in 0.005621 seconds 
  Import took 0.007809 seconds .

========================================================================
Received Import Request.
  Time since last request: 71.839616 seconds.
  path: Assets/HollowCathodeOnly/cache_fluid_2150e9ef/data
  artifactKey: Guid(dc832d0eb6a476548a9e1bf1c783ff30) Importer(815301076,1909f56bfc062723c751e8b465ee728b)
Start importing Assets/HollowCathodeOnly/cache_fluid_2150e9ef/data using Guid(dc832d0eb6a476548a9e1bf1c783ff30) Importer(815301076,1909f56bfc062723c751e8b465ee728b)  -> (artifact id: '4e475a29e0754aec8508c17c2a204128') in 0.006824 seconds 
  Import took 0.009659 seconds .

========================================================================
Received Import Request.
  Time since last request: 2.444988 seconds.
  path: Assets/HollowCathodeOnly/cache_fluid_2150e9ef/data/fluid_data_0002.vdb
  artifactKey: Guid(8cb2d13104a30f14dbb7a770a526da29) Importer(815301076,1909f56bfc062723c751e8b465ee728b)
Start importing Assets/HollowCathodeOnly/cache_fluid_2150e9ef/data/fluid_data_0002.vdb using Guid(8cb2d13104a30f14dbb7a770a526da29) Importer(815301076,1909f56bfc062723c751e8b465ee728b)  -> (artifact id: '5772e1275b2424164b01498389298a31') in 0.008022 seconds 
  Import took 0.010214 seconds .

========================================================================
Received Import Request.
  Time since last request: 4.715128 seconds.
  path: Assets/HollowCathodeOnly/cache_fluid_2150e9ef/data/fluid_data_0008.vdb
  artifactKey: Guid(53ee0b0a0a4494348a079160e0227bb4) Importer(815301076,1909f56bfc062723c751e8b465ee728b)
Start importing Assets/HollowCathodeOnly/cache_fluid_2150e9ef/data/fluid_data_0008.vdb using Guid(53ee0b0a0a4494348a079160e0227bb4) Importer(815301076,1909f56bfc062723c751e8b465ee728b)  -> (artifact id: 'd3587c096f1a77c0b3daa5d03d1ed82c') in 0.006278 seconds 
  Import took 0.008363 seconds .

========================================================================
Received Import Request.
  Time since last request: 369.051359 seconds.
  path: Assets/HollowCathodeOnly/3Dmodel.gltf
  artifactKey: Guid(b1f47b86221845046acf649eb4c1b1f7) Importer(815301076,1909f56bfc062723c751e8b465ee728b)
Start importing Assets/HollowCathodeOnly/3Dmodel.gltf using Guid(b1f47b86221845046acf649eb4c1b1f7) Importer(815301076,1909f56bfc062723c751e8b465ee728b)  -> (artifact id: '2849ac93b4d5073f6231bcac384b7cef') in 0.004334 seconds 
  Import took 0.006667 seconds .

========================================================================
Received Import Request.
  Time since last request: 1077.171914 seconds.
  path: Assets/HollowCathodeOnly/3Dmodel.fbx
  artifactKey: Guid(adb64612eabd8554999ce69dc179e614) Importer(815301076,1909f56bfc062723c751e8b465ee728b)
Start importing Assets/HollowCathodeOnly/3Dmodel.fbx using Guid(adb64612eabd8554999ce69dc179e614) Importer(815301076,1909f56bfc062723c751e8b465ee728b)  -> (artifact id: '635dd842c3679901f1c74dea6a5e4abd') in 0.020088 seconds 
  Import took 0.022395 seconds .

========================================================================
Received Import Request.
  Time since last request: 2.201776 seconds.
  path: Assets/HollowCathodeOnly/3Dmodel.abc
  artifactKey: Guid(65c981cb56d93f748b4fbf66ca163f24) Importer(815301076,1909f56bfc062723c751e8b465ee728b)
Start importing Assets/HollowCathodeOnly/3Dmodel.abc using Guid(65c981cb56d93f748b4fbf66ca163f24) Importer(815301076,1909f56bfc062723c751e8b465ee728b)  -> (artifact id: '9db9403614def2fb86adef61e1a8ada1') in 0.003678 seconds 
  Import took 0.005598 seconds .

